<?xml version="1.0" encoding="UTF-8"?>
<!-- Generated by org.testng.reporters.JUnitXMLReporter -->
<testsuite ignored="0" hostname="LAPTOP-90CMDCSF" failures="2" tests="5" name="Test" time="41.704" errors="0" timestamp="2024-12-28T17:45:54 EST">
  <testcase classname="testCases.TC003_LoginDDT" name="verify_loginDTT" time="3.055"/>
  <testcase classname="testCases.TC003_LoginDDT" name="verify_loginDTT" time="2.807"/>
  <testcase classname="testCases.TC003_LoginDDT" name="verify_loginDTT" time="11.709">
    <failure type="java.lang.AssertionError" message="expected [true] but found [false]">
      <![CDATA[java.lang.AssertionError: expected [true] but found [false]
at testCases.TC003_LoginDDT.verify_loginDTT(TC003_LoginDDT.java:53)
at java.base/java.util.ArrayList.forEach(ArrayList.java:1596)
... Removed 29 stack frames]]>
    </failure>
  </testcase> <!-- verify_loginDTT -->
  <testcase classname="testCases.TC003_LoginDDT" name="verify_loginDTT" time="11.585">
    <failure type="java.lang.AssertionError" message="expected [true] but found [false]">
      <![CDATA[java.lang.AssertionError: expected [true] but found [false]
at testCases.TC003_LoginDDT.verify_loginDTT(TC003_LoginDDT.java:53)
at java.base/java.util.ArrayList.forEach(ArrayList.java:1596)
... Removed 29 stack frames]]>
    </failure>
  </testcase> <!-- verify_loginDTT -->
  <testcase classname="testCases.TC003_LoginDDT" name="verify_loginDTT" time="3.184"/>
</testsuite> <!-- Test -->
