<?xml version="1.0" encoding="UTF-8"?>
<testng-results ignored="0" total="1" passed="1" failed="0" skipped="0">
  <reporter-output>
  </reporter-output>
  <suite started-at="2024-12-28T18:35:42 EST" name="Suite" finished-at="2024-12-28T18:35:53 EST" duration-ms="10511">
    <groups>
      <group name="Sanity">
        <method signature="TC001_AccountRegistrationTest.verify_account_registration(java.lang.String)[pri:0, instance:testCases.TC001_AccountRegistrationTest@106cc338]" name="verify_account_registration" class="testCases.TC001_AccountRegistrationTest"/>
      </group> <!-- Sanity -->
    </groups>
    <test started-at="2024-12-28T18:35:42 EST" name="Test" finished-at="2024-12-28T18:35:53 EST" duration-ms="10511">
      <class name="testCases.TC001_AccountRegistrationTest">
        <test-method is-config="true" signature="setUp(java.lang.String,java.lang.String)[pri:0, instance:testCases.TC001_AccountRegistrationTest@106cc338]" started-at="2024-12-28T18:35:42 EST" name="setUp" finished-at="2024-12-28T18:35:47 EST" duration-ms="5151" status="PASS">
          <params>
            <param index="0">
              <value>
                <![CDATA[Windows]]>
              </value>
            </param>
            <param index="1">
              <value>
                <![CDATA[edge]]>
              </value>
            </param>
          </params>
          <reporter-output>
          </reporter-output>
        </test-method> <!-- setUp -->
        <test-method signature="verify_account_registration(java.lang.String)[pri:0, instance:testCases.TC001_AccountRegistrationTest@106cc338]" started-at="2024-12-28T18:35:47 EST" name="verify_account_registration" finished-at="2024-12-28T18:35:51 EST" duration-ms="3589" status="PASS">
          <params>
            <param index="0">
              <value>
                <![CDATA[edge]]>
              </value>
            </param>
          </params>
          <reporter-output>
          </reporter-output>
        </test-method> <!-- verify_account_registration -->
        <test-method is-config="true" signature="tearDown()[pri:0, instance:testCases.TC001_AccountRegistrationTest@106cc338]" started-at="2024-12-28T18:35:51 EST" name="tearDown" finished-at="2024-12-28T18:35:53 EST" duration-ms="1485" status="PASS">
          <reporter-output>
          </reporter-output>
        </test-method> <!-- tearDown -->
      </class> <!-- testCases.TC001_AccountRegistrationTest -->
    </test> <!-- Test -->
  </suite> <!-- Suite -->
</testng-results>
